<?xml version="1.0" encoding="UTF-8" ?>
<testsuite tests="6" failures="2" name="stepDefinitions.TestRunner" time="58.198" errors="0" skipped="0">
  <properties>
[...]
</properties>
  <testcase classname="To validate the login functionality" name="Check login functionality with valid username and valid password #1" time="12.473">
    <failure message="expected:&lt;[Hello Lipika, let&apos;s complete the test form:]&gt; but was:&lt;[]&gt;" type="junit.framework.ComparisonFailure">junit.framework.ComparisonFailure: expected:&lt;[Hello Lipika, let&apos;s complete the test form:]&gt; but was:&lt;[]&gt;
	at junit.framework.Assert.assertEquals(Assert.java:100)
	at junit.framework.Assert.assertEquals(Assert.java:107)
	at stepDefinitions.Login.user_is_navigated_to_home_page(Login.java:51)
	at ✽.Lipika is navigated to home page(file:///D:/CucumberAutomation/selenium/src/test/resources/features/login.feature:10)
</failure>
    <system-out>
@1st
Scenario Outline: Check login functionality with valid username and valid password # src/test/resources/features/login.feature:14
D:\CucumberAutomation\selenium
  Given login page is opened                                                       # stepDefinitions.Login.login_page_is_opened()
######User enters valid user and valid password
  When user enters valid Lipika and valid 12645                                    # stepDefinitions.Login.user_enters_valid_username_and_valid_password(java.lang.String,java.lang.String)
  And user clicks on login button                                                  # stepDefinitions.Login.user_clicks_on_login_button()
  Then Lipika is navigated to home page                                            # stepDefinitions.Login.user_is_navigated_to_home_page(java.lang.String)
      junit.framework.ComparisonFailure: expected:&lt;[Hello Lipika, let&apos;s complete the test form:]&gt; but was:&lt;[]&gt;
	at junit.framework.Assert.assertEquals(Assert.java:100)
	at junit.framework.Assert.assertEquals(Assert.java:107)
	at stepDefinitions.Login.user_is_navigated_to_home_page(Login.java:51)
	at âœ½.Lipika is navigated to home page(file:///D:/CucumberAutomation/selenium/src/test/resources/features/login.feature:10)

</system-out>
    <system-err>SLF4J: Failed to load class &quot;org.slf4j.impl.StaticLoggerBinder&quot;.
SLF4J: Defaulting to no-operation (NOP) logger implementation
SLF4J: See http://www.slf4j.org/codes.html#StaticLoggerBinder for further details.
Starting ChromeDriver 92.0.4515.107 (87a818b10553a07434ea9e2b6dccf3cbe7895134-refs/branch-heads/4515@{#1634}) on port 38561
Only local connections are allowed.
Please see https://chromedriver.chromium.org/security-considerations for suggestions on keeping ChromeDriver safe.
ChromeDriver was started successfully.
Aug 07, 2021 12:21:54 AM org.openqa.selenium.remote.ProtocolHandshake createSession
INFO: Detected dialect: W3C
Aug 07, 2021 12:21:55 AM org.openqa.selenium.devtools.CdpVersionFinder findNearestMatch
WARNING: Unable to find an exact match for CDP version 92, so returning the closest version found: 91
Aug 07, 2021 12:21:55 AM org.openqa.selenium.devtools.CdpVersionFinder findNearestMatch
INFO: Found CDP implementation for version 92 of 91
</system-err>
  </testcase>
  <testcase classname="To validate the login functionality" name="Check login functionality with valid username and valid password #2" time="7.423"/>
  <testcase classname="To validate the login functionality" name="Check login functionality with valid username and valid password #3" time="6.579">
    <failure message="expected:&lt;[Hello Chinu, let&apos;s complete the test form:]&gt; but was:&lt;[]&gt;" type="junit.framework.ComparisonFailure">junit.framework.ComparisonFailure: expected:&lt;[Hello Chinu, let&apos;s complete the test form:]&gt; but was:&lt;[]&gt;
	at junit.framework.Assert.assertEquals(Assert.java:100)
	at junit.framework.Assert.assertEquals(Assert.java:107)
	at stepDefinitions.Login.user_is_navigated_to_home_page(Login.java:51)
	at ✽.Chinu is navigated to home page(file:///D:/CucumberAutomation/selenium/src/test/resources/features/login.feature:10)
</failure>
    <system-out>
@1st
Scenario Outline: Check login functionality with valid username and valid password # src/test/resources/features/login.feature:16
D:\CucumberAutomation\selenium
  Given login page is opened                                                       # stepDefinitions.Login.login_page_is_opened()
######User enters valid user and valid password
  When user enters valid Chinu and valid 19345                                     # stepDefinitions.Login.user_enters_valid_username_and_valid_password(java.lang.String,java.lang.String)
  And user clicks on login button                                                  # stepDefinitions.Login.user_clicks_on_login_button()
  Then Chinu is navigated to home page                                             # stepDefinitions.Login.user_is_navigated_to_home_page(java.lang.String)
      junit.framework.ComparisonFailure: expected:&lt;[Hello Chinu, let&apos;s complete the test form:]&gt; but was:&lt;[]&gt;
	at junit.framework.Assert.assertEquals(Assert.java:100)
	at junit.framework.Assert.assertEquals(Assert.java:107)
	at stepDefinitions.Login.user_is_navigated_to_home_page(Login.java:51)
	at âœ½.Chinu is navigated to home page(file:///D:/CucumberAutomation/selenium/src/test/resources/features/login.feature:10)

</system-out>
    <system-err>Starting ChromeDriver 92.0.4515.107 (87a818b10553a07434ea9e2b6dccf3cbe7895134-refs/branch-heads/4515@{#1634}) on port 40183
Only local connections are allowed.
Please see https://chromedriver.chromium.org/security-considerations for suggestions on keeping ChromeDriver safe.
ChromeDriver was started successfully.
Aug 07, 2021 12:22:08 AM org.openqa.selenium.remote.ProtocolHandshake createSession
INFO: Detected dialect: W3C
Aug 07, 2021 12:22:08 AM org.openqa.selenium.devtools.CdpVersionFinder findNearestMatch
WARNING: Unable to find an exact match for CDP version 92, so returning the closest version found: 91
Aug 07, 2021 12:22:08 AM org.openqa.selenium.devtools.CdpVersionFinder findNearestMatch
INFO: Found CDP implementation for version 92 of 91
</system-err>
  </testcase>
  <testcase classname="To validate the login functionality" name="Check login functionality with valid username and valid password #4" time="12.709"/>
  <testcase classname="To validate the login functionality" name="Check login functionality with valid username and valid password #5" time="9.956"/>
  <testcase classname="To validate the login functionality" name="Check login functionality with valid username and valid password #6" time="9.058"/>
</testsuite>